  greg_month.cpp
  Database.cpp
c:\users\ncepu\documents\visual studio 2015\projects\importdata\ocilib-4.4.1-windows\include\ocilib.h(16318): warning C4819: The file contains a character that cannot be represented in the current code page (936). Save the file in Unicode format to prevent data loss
  main.cpp
c:\users\ncepu\documents\visual studio 2015\projects\importdata\ocilib-4.4.1-windows\include\ocilib.h(16318): warning C4819: The file contains a character that cannot be represented in the current code page (936). Save the file in Unicode format to prevent data loss
main.cpp(26): warning C4267: 'initializing': conversion from 'size_t' to 'int', possible loss of data
main.cpp(84): warning C4244: 'initializing': conversion from 'double' to 'float', possible loss of data
  ParseCSV.cpp
  ParseException.cpp
  ParseFile.cpp
ParseFile.cpp(62): warning C4996: 'sprintf': This function or variable may be unsafe. Consider using sprintf_s instead. To disable deprecation, use _CRT_SECURE_NO_WARNINGS. See online help for details.
  C:\Program Files (x86)\Windows Kits\10\Include\10.0.10240.0\ucrt\stdio.h(1769): note: see declaration of 'sprintf'
ParseFile.cpp(71): warning C4996: 'sprintf': This function or variable may be unsafe. Consider using sprintf_s instead. To disable deprecation, use _CRT_SECURE_NO_WARNINGS. See online help for details.
  C:\Program Files (x86)\Windows Kits\10\Include\10.0.10240.0\ucrt\stdio.h(1769): note: see declaration of 'sprintf'
ParseFile.cpp(82): warning C4996: 'sprintf': This function or variable may be unsafe. Consider using sprintf_s instead. To disable deprecation, use _CRT_SECURE_NO_WARNINGS. See online help for details.
  C:\Program Files (x86)\Windows Kits\10\Include\10.0.10240.0\ucrt\stdio.h(1769): note: see declaration of 'sprintf'
  Generating code
  All 3646 functions were compiled because no usable IPDB/IOBJ from previous compilation was found.
  Finished generating code
  ImportData.vcxproj -> C:\Users\NCEPU\documents\visual studio 2015\Projects\ImportData\x64\Release\ImportData.exe
  ImportData.vcxproj -> C:\Users\NCEPU\documents\visual studio 2015\Projects\ImportData\x64\Release\ImportData.pdb (Full PDB)
